0 info it worked if it ends with ok
1 verbose cli [ '/usr/bin/nodejs', '/usr/bin/npm', 'run', 'devserver' ]
2 info using npm@3.10.10
3 info using node@v6.10.1
4 verbose run-script [ 'predevserver', 'devserver', 'postdevserver' ]
5 info lifecycle currency_calc@1.0.0~predevserver: currency_calc@1.0.0
6 silly lifecycle currency_calc@1.0.0~predevserver: no script for predevserver, continuing
7 info lifecycle currency_calc@1.0.0~devserver: currency_calc@1.0.0
8 verbose lifecycle currency_calc@1.0.0~devserver: unsafe-perm in lifecycle true
9 verbose lifecycle currency_calc@1.0.0~devserver: PATH: /usr/lib/node_modules/npm/bin/node-gyp-bin:/home/truezombie/Projects/infostroy_webpack/node_modules/.bin:/usr/local/bin:/usr/bin:/bin:/usr/local/games:/usr/games
10 verbose lifecycle currency_calc@1.0.0~devserver: CWD: /home/truezombie/Projects/infostroy_webpack
11 silly lifecycle currency_calc@1.0.0~devserver: Args: [ '-c',
11 silly lifecycle   'webpack-dev-server --debug --hot --devtool eval-source-map --output-pathinfo --watch --colors --inline --content-base dist --port 3030 --host 192.168.0.103' ]
12 silly lifecycle currency_calc@1.0.0~devserver: Returned: code: 1  signal: null
13 info lifecycle currency_calc@1.0.0~devserver: Failed to exec devserver script
14 verbose stack Error: currency_calc@1.0.0 devserver: `webpack-dev-server --debug --hot --devtool eval-source-map --output-pathinfo --watch --colors --inline --content-base dist --port 3030 --host 192.168.0.103`
14 verbose stack Exit status 1
14 verbose stack     at EventEmitter.<anonymous> (/usr/lib/node_modules/npm/lib/utils/lifecycle.js:255:16)
14 verbose stack     at emitTwo (events.js:106:13)
14 verbose stack     at EventEmitter.emit (events.js:191:7)
14 verbose stack     at ChildProcess.<anonymous> (/usr/lib/node_modules/npm/lib/utils/spawn.js:40:14)
14 verbose stack     at emitTwo (events.js:106:13)
14 verbose stack     at ChildProcess.emit (events.js:191:7)
14 verbose stack     at maybeClose (internal/child_process.js:886:16)
14 verbose stack     at Process.ChildProcess._handle.onexit (internal/child_process.js:226:5)
15 verbose pkgid currency_calc@1.0.0
16 verbose cwd /home/truezombie/Projects/infostroy_webpack
17 error Linux 3.16.0-4-686-pae
18 error argv "/usr/bin/nodejs" "/usr/bin/npm" "run" "devserver"
19 error node v6.10.1
20 error npm  v3.10.10
21 error code ELIFECYCLE
22 error currency_calc@1.0.0 devserver: `webpack-dev-server --debug --hot --devtool eval-source-map --output-pathinfo --watch --colors --inline --content-base dist --port 3030 --host 192.168.0.103`
22 error Exit status 1
23 error Failed at the currency_calc@1.0.0 devserver script 'webpack-dev-server --debug --hot --devtool eval-source-map --output-pathinfo --watch --colors --inline --content-base dist --port 3030 --host 192.168.0.103'.
23 error Make sure you have the latest version of node.js and npm installed.
23 error If you do, this is most likely a problem with the currency_calc package,
23 error not with npm itself.
23 error Tell the author that this fails on your system:
23 error     webpack-dev-server --debug --hot --devtool eval-source-map --output-pathinfo --watch --colors --inline --content-base dist --port 3030 --host 192.168.0.103
23 error You can get information on how to open an issue for this project with:
23 error     npm bugs currency_calc
23 error Or if that isn't available, you can get their info via:
23 error     npm owner ls currency_calc
23 error There is likely additional logging output above.
24 verbose exit [ 1, true ]
